{
  "RSpec": {
    "coverage": {
      "/media/emanuela/Windows/Users/Emanuela/Documents/UNI/Web-palvelinohjelmointi Ruby on Rails/ratebeer/app/models/rating.rb": [
        1,
        1,
        1,
        null,
        null,
        1,
        null,
        null,
        null,
        1,
        0,
        null,
        null,
        1,
        0,
        null,
        null
      ],
      "/media/emanuela/Windows/Users/Emanuela/Documents/UNI/Web-palvelinohjelmointi Ruby on Rails/ratebeer/app/models/application_record.rb": [
        1,
        1,
        null
      ],
      "/media/emanuela/Windows/Users/Emanuela/Documents/UNI/Web-palvelinohjelmointi Ruby on Rails/ratebeer/app/models/brewery.rb": [
        1,
        1,
        null,
        1,
        1,
        null,
        1,
        1,
        3,
        null,
        null,
        2,
        2,
        null,
        1,
        0,
        null,
        null,
        1,
        0,
        0,
        0,
        null,
        null,
        1,
        0,
        0,
        null,
        null
      ],
      "/media/emanuela/Windows/Users/Emanuela/Documents/UNI/Web-palvelinohjelmointi Ruby on Rails/ratebeer/app/models/concerns/rating_average.rb": [
        2,
        null,
        1,
        0,
        0,
        null,
        null
      ],
      "/media/emanuela/Windows/Users/Emanuela/Documents/UNI/Web-palvelinohjelmointi Ruby on Rails/ratebeer/app/models/style.rb": [
        1,
        1,
        null,
        1,
        1,
        null,
        1,
        0,
        null,
        null,
        1,
        0,
        null,
        null,
        null
      ],
      "/media/emanuela/Windows/Users/Emanuela/Documents/UNI/Web-palvelinohjelmointi Ruby on Rails/ratebeer/app/models/beer.rb": [
        1,
        1,
        null,
        1,
        1,
        1,
        1,
        null,
        1,
        1,
        null,
        1,
        0,
        null,
        null,
        1,
        0,
        null,
        null
      ],
      "/media/emanuela/Windows/Users/Emanuela/Documents/UNI/Web-palvelinohjelmointi Ruby on Rails/ratebeer/app/controllers/beers_controller.rb": [
        1,
        1,
        1,
        1,
        1,
        1,
        null,
        1,
        1,
        1,
        null,
        null,
        1,
        1,
        null,
        1,
        1,
        0,
        0,
        null,
        null,
        null,
        null,
        null,
        1,
        0,
        0,
        0,
        null,
        null,
        0,
        0,
        null,
        null,
        null,
        0,
        null,
        null,
        null,
        null,
        0,
        0,
        0,
        null,
        0,
        0,
        0,
        0,
        null,
        0,
        0,
        null,
        null,
        null,
        null,
        null,
        null,
        0,
        0,
        0,
        0,
        0,
        0,
        null,
        0,
        0,
        null,
        null,
        null,
        null,
        null,
        null,
        0,
        0,
        0,
        0,
        0,
        0,
        null,
        null,
        null,
        0,
        null,
        null,
        0,
        null,
        null,
        0,
        0,
        0,
        0,
        null,
        null,
        null,
        0,
        0,
        null,
        null,
        null,
        0,
        0,
        null,
        null,
        null
      ],
      "/media/emanuela/Windows/Users/Emanuela/Documents/UNI/Web-palvelinohjelmointi Ruby on Rails/ratebeer/app/controllers/application_controller.rb": [
        1,
        null,
        null,
        1,
        null,
        1,
        null,
        1,
        2,
        0,
        null,
        null,
        1,
        0,
        0,
        0,
        0,
        null,
        null,
        1,
        1,
        null,
        null,
        1,
        0,
        null,
        null
      ],
      "/media/emanuela/Windows/Users/Emanuela/Documents/UNI/Web-palvelinohjelmointi Ruby on Rails/ratebeer/app/helpers/application_helper.rb": [
        1,
        1,
        0,
        0,
        0,
        0,
        null,
        null,
        0,
        null,
        0,
        null,
        null,
        null,
        1,
        0,
        null,
        null
      ],
      "/media/emanuela/Windows/Users/Emanuela/Documents/UNI/Web-palvelinohjelmointi Ruby on Rails/ratebeer/app/helpers/bars_helper.rb": [
        1,
        null
      ],
      "/media/emanuela/Windows/Users/Emanuela/Documents/UNI/Web-palvelinohjelmointi Ruby on Rails/ratebeer/app/helpers/beer_clubs_helper.rb": [
        1,
        null
      ],
      "/media/emanuela/Windows/Users/Emanuela/Documents/UNI/Web-palvelinohjelmointi Ruby on Rails/ratebeer/app/helpers/beers_helper.rb": [
        1,
        null
      ],
      "/media/emanuela/Windows/Users/Emanuela/Documents/UNI/Web-palvelinohjelmointi Ruby on Rails/ratebeer/app/helpers/breweries_helper.rb": [
        1,
        null
      ],
      "/media/emanuela/Windows/Users/Emanuela/Documents/UNI/Web-palvelinohjelmointi Ruby on Rails/ratebeer/app/helpers/memberships_helper.rb": [
        1,
        null
      ],
      "/media/emanuela/Windows/Users/Emanuela/Documents/UNI/Web-palvelinohjelmointi Ruby on Rails/ratebeer/app/helpers/ratings_helper.rb": [
        1,
        null
      ],
      "/media/emanuela/Windows/Users/Emanuela/Documents/UNI/Web-palvelinohjelmointi Ruby on Rails/ratebeer/app/helpers/styles_helper.rb": [
        1,
        null
      ],
      "/media/emanuela/Windows/Users/Emanuela/Documents/UNI/Web-palvelinohjelmointi Ruby on Rails/ratebeer/app/helpers/users_helper.rb": [
        1,
        null
      ],
      "/media/emanuela/Windows/Users/Emanuela/Documents/UNI/Web-palvelinohjelmointi Ruby on Rails/ratebeer/app/controllers/sessions_controller.rb": [
        1,
        1,
        null,
        null,
        null,
        1,
        0,
        0,
        0,
        0,
        null,
        0,
        0,
        null,
        null,
        0,
        null,
        0,
        0,
        null,
        null,
        1,
        null,
        0,
        null,
        0,
        null,
        null
      ],
      "/media/emanuela/Windows/Users/Emanuela/Documents/UNI/Web-palvelinohjelmointi Ruby on Rails/ratebeer/app/controllers/breweries_controller.rb": [
        1,
        1,
        1,
        1,
        null,
        null,
        null,
        1,
        1,
        1,
        1,
        null,
        1,
        1,
        1,
        null,
        1,
        null,
        1,
        1,
        1,
        null,
        0,
        0,
        null,
        0,
        null,
        null,
        1,
        null,
        1,
        1,
        1,
        null,
        0,
        0,
        0,
        null,
        null,
        null,
        null,
        null,
        1,
        null,
        null,
        1,
        null,
        null,
        null,
        1,
        0,
        null,
        null,
        null,
        1,
        null,
        null,
        null,
        null,
        1,
        0,
        null,
        0,
        0,
        0,
        0,
        null,
        0,
        0,
        null,
        null,
        null,
        null,
        null,
        null,
        1,
        0,
        0,
        0,
        0,
        null,
        0,
        0,
        null,
        null,
        null,
        null,
        null,
        null,
        1,
        0,
        0,
        0,
        0,
        null,
        null,
        null,
        1,
        0,
        0,
        null,
        0,
        null,
        0,
        null,
        null,
        1,
        null,
        1,
        0,
        null,
        null,
        null,
        1,
        0,
        null,
        null,
        null
      ],
      "/media/emanuela/Windows/Users/Emanuela/Documents/UNI/Web-palvelinohjelmointi Ruby on Rails/ratebeer/app/channels/application_cable/channel.rb": [
        0,
        0,
        0,
        0
      ],
      "/media/emanuela/Windows/Users/Emanuela/Documents/UNI/Web-palvelinohjelmointi Ruby on Rails/ratebeer/app/channels/application_cable/connection.rb": [
        0,
        0,
        0,
        0
      ],
      "/media/emanuela/Windows/Users/Emanuela/Documents/UNI/Web-palvelinohjelmointi Ruby on Rails/ratebeer/app/controllers/bars_controller.rb": [
        0,
        0,
        0,
        0,
        0,
        0,
        0,
        0,
        0,
        0,
        0,
        0,
        0,
        0,
        0,
        0,
        0,
        0,
        0,
        0,
        0,
        0,
        0,
        0,
        0,
        0,
        0,
        0,
        0,
        0,
        0,
        0,
        0,
        0,
        0,
        0,
        0,
        0,
        0,
        0,
        0,
        0,
        0,
        0,
        0,
        0,
        0,
        0,
        0,
        0,
        0,
        0,
        0,
        0,
        0,
        0,
        0,
        0,
        0,
        0,
        0,
        0,
        0,
        0,
        0,
        0,
        0,
        0,
        0,
        0,
        0,
        0,
        0,
        0
      ],
      "/media/emanuela/Windows/Users/Emanuela/Documents/UNI/Web-palvelinohjelmointi Ruby on Rails/ratebeer/app/controllers/beer_clubs_controller.rb": [
        0,
        0,
        0,
        0,
        0,
        0,
        0,
        0,
        0,
        0,
        0,
        0,
        0,
        0,
        0,
        0,
        0,
        0,
        0,
        0,
        0,
        0,
        0,
        0,
        0,
        0,
        0,
        0,
        0,
        0,
        0,
        0,
        0,
        0,
        0,
        0,
        0,
        0,
        0,
        0,
        0,
        0,
        0,
        0,
        0,
        0,
        0,
        0,
        0,
        0,
        0,
        0,
        0,
        0,
        0,
        0,
        0,
        0,
        0,
        0,
        0,
        0,
        0,
        0,
        0,
        0,
        0,
        0,
        0,
        0,
        0,
        0,
        0,
        0,
        0,
        0,
        0,
        0,
        0,
        0,
        0,
        0
      ],
      "/media/emanuela/Windows/Users/Emanuela/Documents/UNI/Web-palvelinohjelmointi Ruby on Rails/ratebeer/app/controllers/memberships_controller.rb": [
        0,
        0,
        0,
        0,
        0,
        0,
        0,
        0,
        0,
        0,
        0,
        0,
        0,
        0,
        0,
        0,
        0,
        0,
        0,
        0,
        0,
        0,
        0,
        0,
        0,
        0,
        0,
        0,
        0,
        0,
        0,
        0,
        0,
        0,
        0,
        0,
        0,
        0,
        0,
        0,
        0,
        0,
        0,
        0,
        0,
        0,
        0,
        0,
        0,
        0,
        0,
        0,
        0,
        0,
        0,
        0,
        0,
        0,
        0,
        0,
        0,
        0,
        0,
        0,
        0,
        0,
        0,
        0,
        0,
        0,
        0,
        0,
        0,
        0,
        0,
        0,
        0,
        0
      ],
      "/media/emanuela/Windows/Users/Emanuela/Documents/UNI/Web-palvelinohjelmointi Ruby on Rails/ratebeer/app/controllers/places_controller.rb": [
        0,
        0,
        0,
        0,
        0,
        0,
        0,
        0,
        0,
        0,
        0,
        0,
        0,
        0,
        0,
        0,
        0,
        0,
        0,
        0
      ],
      "/media/emanuela/Windows/Users/Emanuela/Documents/UNI/Web-palvelinohjelmointi Ruby on Rails/ratebeer/app/controllers/ratings_controller.rb": [
        0,
        0,
        0,
        0,
        0,
        0,
        0,
        0,
        0,
        0,
        0,
        0,
        0,
        0,
        0,
        0,
        0,
        0,
        0,
        0,
        0,
        0,
        0,
        0,
        0,
        0,
        0,
        0,
        0,
        0,
        0,
        0,
        0,
        0,
        0,
        0
      ],
      "/media/emanuela/Windows/Users/Emanuela/Documents/UNI/Web-palvelinohjelmointi Ruby on Rails/ratebeer/app/controllers/styles_controller.rb": [
        0,
        0,
        0,
        0,
        0,
        0,
        0,
        0,
        0,
        0,
        0,
        0,
        0,
        0,
        0,
        0,
        0,
        0,
        0,
        0,
        0,
        0,
        0,
        0,
        0,
        0,
        0,
        0,
        0,
        0,
        0,
        0,
        0,
        0,
        0,
        0,
        0,
        0,
        0,
        0,
        0,
        0,
        0,
        0,
        0,
        0,
        0,
        0,
        0,
        0,
        0,
        0,
        0,
        0,
        0,
        0,
        0,
        0,
        0,
        0,
        0,
        0,
        0,
        0,
        0,
        0,
        0,
        0,
        0,
        0,
        0,
        0,
        0,
        0,
        0
      ],
      "/media/emanuela/Windows/Users/Emanuela/Documents/UNI/Web-palvelinohjelmointi Ruby on Rails/ratebeer/app/controllers/users_controller.rb": [
        0,
        0,
        0,
        0,
        0,
        0,
        0,
        0,
        0,
        0,
        0,
        0,
        0,
        0,
        0,
        0,
        0,
        0,
        0,
        0,
        0,
        0,
        0,
        0,
        0,
        0,
        0,
        0,
        0,
        0,
        0,
        0,
        0,
        0,
        0,
        0,
        0,
        0,
        0,
        0,
        0,
        0,
        0,
        0,
        0,
        0,
        0,
        0,
        0,
        0,
        0,
        0,
        0,
        0,
        0,
        0,
        0,
        0,
        0,
        0,
        0,
        0,
        0,
        0,
        0,
        0,
        0,
        0,
        0,
        0,
        0,
        0,
        0,
        0,
        0,
        0,
        0,
        0,
        0,
        0,
        0,
        0,
        0
      ],
      "/media/emanuela/Windows/Users/Emanuela/Documents/UNI/Web-palvelinohjelmointi Ruby on Rails/ratebeer/app/jobs/application_job.rb": [
        0,
        0
      ],
      "/media/emanuela/Windows/Users/Emanuela/Documents/UNI/Web-palvelinohjelmointi Ruby on Rails/ratebeer/app/mailers/application_mailer.rb": [
        0,
        0,
        0,
        0
      ],
      "/media/emanuela/Windows/Users/Emanuela/Documents/UNI/Web-palvelinohjelmointi Ruby on Rails/ratebeer/app/models/bar.rb": [
        0,
        0
      ],
      "/media/emanuela/Windows/Users/Emanuela/Documents/UNI/Web-palvelinohjelmointi Ruby on Rails/ratebeer/app/models/beer_club.rb": [
        0,
        0,
        0,
        0
      ],
      "/media/emanuela/Windows/Users/Emanuela/Documents/UNI/Web-palvelinohjelmointi Ruby on Rails/ratebeer/app/models/membership.rb": [
        0,
        0,
        0,
        0
      ],
      "/media/emanuela/Windows/Users/Emanuela/Documents/UNI/Web-palvelinohjelmointi Ruby on Rails/ratebeer/app/models/place.rb": [
        0,
        0,
        0,
        0,
        0,
        0,
        0,
        0,
        0,
        0,
        0,
        0,
        0,
        0
      ],
      "/media/emanuela/Windows/Users/Emanuela/Documents/UNI/Web-palvelinohjelmointi Ruby on Rails/ratebeer/app/models/user.rb": [
        0,
        0,
        0,
        0,
        0,
        0,
        0,
        0,
        0,
        0,
        0,
        0,
        0,
        0,
        0,
        0,
        0,
        0,
        0,
        0,
        0,
        0,
        0,
        0,
        0,
        0,
        0,
        0,
        0,
        0,
        0,
        0,
        0,
        0,
        0,
        0,
        0,
        0,
        0,
        0,
        0,
        0,
        0,
        0,
        0,
        0,
        0,
        0,
        0,
        0,
        0,
        0
      ],
      "/media/emanuela/Windows/Users/Emanuela/Documents/UNI/Web-palvelinohjelmointi Ruby on Rails/ratebeer/app/models/weather.rb": [
        0,
        0,
        0,
        0,
        0,
        0,
        0,
        0,
        0,
        0
      ],
      "/media/emanuela/Windows/Users/Emanuela/Documents/UNI/Web-palvelinohjelmointi Ruby on Rails/ratebeer/lib/beermapping_api.rb": [
        0,
        0,
        0,
        0,
        0,
        0,
        0,
        0,
        0,
        0,
        0,
        0,
        0,
        0,
        0,
        0,
        0,
        0,
        0,
        0,
        0,
        0,
        0,
        0,
        0,
        0,
        0,
        0,
        0,
        0,
        0,
        0
      ],
      "/media/emanuela/Windows/Users/Emanuela/Documents/UNI/Web-palvelinohjelmointi Ruby on Rails/ratebeer/lib/weather_service.rb": [
        0,
        0,
        0,
        0,
        0,
        0,
        0,
        0,
        0
      ]
    },
    "timestamp": 1488682862
  }
}
